<?xml version="1.0" encoding="UTF-8"?>
<testng-results ignored="0" total="8" passed="8" failed="0" skipped="0">
  <reporter-output>
  </reporter-output>
  <suite started-at="2022-02-15T12:17:03 IST" name="loginTest" finished-at="2022-02-15T12:18:07 IST" duration-ms="63239">
    <groups>
    </groups>
    <test started-at="2022-02-15T12:17:03 IST" name="loginScenarios" finished-at="2022-02-15T12:18:07 IST" duration-ms="63239">
      <class name="com.demo.test.loginTest">
        <test-method signature="browserTest()[pri:0, instance:com.demo.test.loginTest@a38c7fe]" started-at="2022-02-15T12:17:03 IST" name="browserTest" finished-at="2022-02-15T12:17:14 IST" duration-ms="10438" status="PASS">
          <reporter-output>
          </reporter-output>
        </test-method> <!-- browserTest -->
        <test-method signature="login(java.lang.String,java.lang.String)[pri:0, instance:com.demo.test.loginTest@a38c7fe]" started-at="2022-02-15T12:17:16 IST" name="login" data-provider="dataTest" finished-at="2022-02-15T12:17:22 IST" duration-ms="6198" status="PASS">
          <params>
            <param index="0">
              <value>
                <![CDATA[    ]]>
              </value>
            </param>
            <param index="1">
              <value>
                <![CDATA[    ]]>
              </value>
            </param>
          </params>
          <reporter-output>
          </reporter-output>
        </test-method> <!-- login -->
        <test-method signature="login(java.lang.String,java.lang.String)[pri:0, instance:com.demo.test.loginTest@a38c7fe]" started-at="2022-02-15T12:17:22 IST" name="login" data-provider="dataTest" finished-at="2022-02-15T12:17:29 IST" duration-ms="6824" status="PASS">
          <params>
            <param index="0">
              <value>
                <![CDATA[abcd]]>
              </value>
            </param>
            <param index="1">
              <value>
                <![CDATA[1234.0]]>
              </value>
            </param>
          </params>
          <reporter-output>
          </reporter-output>
        </test-method> <!-- login -->
        <test-method signature="login(java.lang.String,java.lang.String)[pri:0, instance:com.demo.test.loginTest@a38c7fe]" started-at="2022-02-15T12:17:29 IST" name="login" data-provider="dataTest" finished-at="2022-02-15T12:17:38 IST" duration-ms="8839" status="PASS">
          <params>
            <param index="0">
              <value>
                <![CDATA[abcd@123]]>
              </value>
            </param>
            <param index="1">
              <value>
                <![CDATA[abc123]]>
              </value>
            </param>
          </params>
          <reporter-output>
          </reporter-output>
        </test-method> <!-- login -->
        <test-method signature="login(java.lang.String,java.lang.String)[pri:0, instance:com.demo.test.loginTest@a38c7fe]" started-at="2022-02-15T12:17:38 IST" name="login" data-provider="dataTest" finished-at="2022-02-15T12:17:45 IST" duration-ms="7134" status="PASS">
          <params>
            <param index="0">
              <value>
                <![CDATA[vishal@sevenbits.in]]>
              </value>
            </param>
            <param index="1">
              <value>
                <![CDATA[  ]]>
              </value>
            </param>
          </params>
          <reporter-output>
          </reporter-output>
        </test-method> <!-- login -->
        <test-method signature="login(java.lang.String,java.lang.String)[pri:0, instance:com.demo.test.loginTest@a38c7fe]" started-at="2022-02-15T12:17:45 IST" name="login" data-provider="dataTest" finished-at="2022-02-15T12:17:52 IST" duration-ms="6649" status="PASS">
          <params>
            <param index="0">
              <value>
                <![CDATA[  ]]>
              </value>
            </param>
            <param index="1">
              <value>
                <![CDATA[Vishal@26]]>
              </value>
            </param>
          </params>
          <reporter-output>
          </reporter-output>
        </test-method> <!-- login -->
        <test-method signature="login(java.lang.String,java.lang.String)[pri:0, instance:com.demo.test.loginTest@a38c7fe]" started-at="2022-02-15T12:17:52 IST" name="login" data-provider="dataTest" finished-at="2022-02-15T12:17:58 IST" duration-ms="6727" status="PASS">
          <params>
            <param index="0">
              <value>
                <![CDATA[vishal@sevenbits.in]]>
              </value>
            </param>
            <param index="1">
              <value>
                <![CDATA[abc123]]>
              </value>
            </param>
          </params>
          <reporter-output>
          </reporter-output>
        </test-method> <!-- login -->
        <test-method signature="login(java.lang.String,java.lang.String)[pri:0, instance:com.demo.test.loginTest@a38c7fe]" started-at="2022-02-15T12:17:58 IST" name="login" data-provider="dataTest" finished-at="2022-02-15T12:18:06 IST" duration-ms="7841" status="PASS">
          <params>
            <param index="0">
              <value>
                <![CDATA[vishal15@sevenbits.in]]>
              </value>
            </param>
            <param index="1">
              <value>
                <![CDATA[Vishal@26]]>
              </value>
            </param>
          </params>
          <reporter-output>
          </reporter-output>
        </test-method> <!-- login -->
        <test-method is-config="true" signature="exitTest()[pri:0, instance:com.demo.test.loginTest@a38c7fe]" started-at="2022-02-15T12:18:06 IST" name="exitTest" finished-at="2022-02-15T12:18:07 IST" duration-ms="439" status="PASS">
          <reporter-output>
          </reporter-output>
        </test-method> <!-- exitTest -->
      </class> <!-- com.demo.test.loginTest -->
    </test> <!-- loginScenarios -->
  </suite> <!-- loginTest -->
</testng-results>
