<?xml version="1.0" encoding="UTF-8"?>
<!-- Generated by org.testng.reporters.JUnitXMLReporter -->
<testsuite ignored="0" hostname="LAPTOP-28KS5UKO" failures="0" tests="8" name="loginScenarios" time="63.239" errors="0" timestamp="2022-02-15T12:18:07 IST">
  <testcase classname="com.demo.test.loginTest" name="browserTest" time="10.438"/>
  <testcase classname="com.demo.test.loginTest" name="login" time="6.198"/>
  <testcase classname="com.demo.test.loginTest" name="login" time="6.824"/>
  <testcase classname="com.demo.test.loginTest" name="login" time="8.839"/>
  <testcase classname="com.demo.test.loginTest" name="login" time="7.134"/>
  <testcase classname="com.demo.test.loginTest" name="login" time="6.649"/>
  <testcase classname="com.demo.test.loginTest" name="login" time="6.727"/>
  <testcase classname="com.demo.test.loginTest" name="login" time="7.841"/>
</testsuite> <!-- loginScenarios -->
